0 info it worked if it ends with ok
1 verbose cli [ '/usr/bin/nodejs', '/usr/bin/npm', 'run', 'dev' ]
2 info using npm@3.5.2
3 info using node@v4.7.2
4 verbose run-script [ 'predev', 'dev', 'postdev' ]
5 info lifecycle RRG-Boilerplate@0.0.1~predev: RRG-Boilerplate@0.0.1
6 silly lifecycle RRG-Boilerplate@0.0.1~predev: no script for predev, continuing
7 info lifecycle RRG-Boilerplate@0.0.1~dev: RRG-Boilerplate@0.0.1
8 verbose lifecycle RRG-Boilerplate@0.0.1~dev: unsafe-perm in lifecycle true
9 verbose lifecycle RRG-Boilerplate@0.0.1~dev: PATH: /usr/share/npm/bin/node-gyp-bin:/home/pdelefos/Work/redtetris/node_modules/.bin:/usr/local/sbin:/usr/local/bin:/usr/sbin:/usr/bin:/sbin:/bin:/usr/games:/usr/local/games
10 verbose lifecycle RRG-Boilerplate@0.0.1~dev: CWD: /home/pdelefos/Work/redtetris
11 silly lifecycle RRG-Boilerplate@0.0.1~dev: Args: [ '-c',
11 silly lifecycle   'webpack-dev-server --hot --inline --config webpack/webpack.config.development.js' ]
12 info lifecycle RRG-Boilerplate@0.0.1~dev: Failed to exec dev script
13 verbose stack Error: RRG-Boilerplate@0.0.1 dev: `webpack-dev-server --hot --inline --config webpack/webpack.config.development.js`
13 verbose stack spawn ENOENT
13 verbose stack     at ChildProcess.<anonymous> (/usr/share/npm/lib/utils/spawn.js:17:16)
13 verbose stack     at emitTwo (events.js:87:13)
13 verbose stack     at ChildProcess.emit (events.js:172:7)
13 verbose stack     at maybeClose (internal/child_process.js:854:16)
13 verbose stack     at Process.ChildProcess._handle.onexit (internal/child_process.js:222:5)
14 verbose pkgid RRG-Boilerplate@0.0.1
15 verbose cwd /home/pdelefos/Work/redtetris
16 error Linux 4.10.0-37-generic
17 error argv "/usr/bin/nodejs" "/usr/bin/npm" "run" "dev"
18 error node v4.7.2
19 error npm  v3.5.2
20 error file sh
21 error code ELIFECYCLE
22 error errno ENOENT
23 error syscall spawn
24 error RRG-Boilerplate@0.0.1 dev: `webpack-dev-server --hot --inline --config webpack/webpack.config.development.js`
24 error spawn ENOENT
25 error Failed at the RRG-Boilerplate@0.0.1 dev script 'webpack-dev-server --hot --inline --config webpack/webpack.config.development.js'.
25 error Make sure you have the latest version of node.js and npm installed.
25 error If you do, this is most likely a problem with the RRG-Boilerplate package,
25 error not with npm itself.
25 error Tell the author that this fails on your system:
25 error     webpack-dev-server --hot --inline --config webpack/webpack.config.development.js
25 error You can get information on how to open an issue for this project with:
25 error     npm bugs RRG-Boilerplate
25 error Or if that isn't available, you can get their info via:
25 error     npm owner ls RRG-Boilerplate
25 error There is likely additional logging output above.
26 verbose exit [ 1, true ]
