Arguments: 
  /home/ubuntu/.nvm/versions/node/v6.11.2/bin/node /home/ubuntu/.nvm/versions/node/v6.11.2/bin/yarn dev

PATH: 
  /home/ubuntu/.nvm/versions/node/v6.11.2/bin:/mnt/shared/bin:/home/ubuntu/workspace/node_modules/.bin:/home/ubuntu/bin:/usr/local/sbin:/usr/local/bin:/usr/sbin:/usr/bin:/sbin:/bin:/mnt/shared/sbin:/opt/gitl:/opt/go/bin:/mnt/shared/c9/app.nw/bin:/usr/local/rvm/bin

Yarn version: 
  1.0.2

Node version: 
  6.11.2

Platform: 
  linux x64

npm manifest: 
  {
      "name": "RRG-Boilerplate",
    "version": "0.0.1",
    "description": "React Redux Generic Boilerplate ES6",
    "main": "index.js",
    "author": "pdelefos-dylandjian-corentinprune",
    "license": "mit",
    "scripts": {
      "clean": "rm -rf ./build/*",
      "dev": "NODE_ENV=development webpack-dev-server --hot --inline",
      "prod": "webpack -p"
    }
    "dependencies": {
      "babel-loader": "^7.1.1",
      "html-loader": "^0.5.0",
      "html-webpack-plugin": "^2.29.0",
      "react": "^15.6.1",
      "react-dom": "^15.6.1",
      "react-redux": "^5.0.5",
      "redux": "^3.7.2"
    },
    "devDependencies": {
      "babel-cli": "^6.26.0",
      "babel-core": "^6.25.0",
      "babel-preset-es2015": "^6.24.1",
      "babel-preset-react": "^6.24.1",
      "babel-preset-stage-0": "^6.24.1",
      "css-loader": "^0.28.4",
      "postcss-cssnext": "^3.0.2",
      "postcss-custom-properties": "^6.1.0",
      "postcss-import": "^10.0.0",
      "postcss-loader": "^2.0.6",
      "react-hot-loader": "next",
      "style-loader": "^0.18.2",
      "webpack": "^3.4.1",
      "webpack-dev-server": "^2.6.1"
    }
  }

yarn manifest: 
  No manifest

Lockfile: 
  No lockfile

Trace: 
  SyntaxError: /home/ubuntu/workspace/package.json: Unexpected string in JSON at position 350
      at Object.parse (native)
      at /home/ubuntu/.nvm/versions/node/v6.11.2/lib/node_modules/yarn/lib/cli.js:797:57
      at next (native)
      at step (/home/ubuntu/.nvm/versions/node/v6.11.2/lib/node_modules/yarn/lib/cli.js:92:30)
      at /home/ubuntu/.nvm/versions/node/v6.11.2/lib/node_modules/yarn/lib/cli.js:103:13
